[2026-04-03T06:10:09.623Z] [validate-output] Validated 2 files — 0 passed, 2 failed
[2026-04-03T06:10:31.597Z] [validate-output] Validated 5 files — 5 passed, 0 failed
[2026-04-03T06:10:35.697Z] [INFO] [session-log] END session_002 | topic: 2026-04-03_legend-team-upgrade | duration: 371m
[2026-04-04T23:46:59.915Z] [validate-output] Validated 14 files — 14 passed, 0 failed, 14 legacy
[2026-04-05T05:27:05.589Z] [INFO] [session-log] END session_005 | topic: 2026-04-05_v030-debt-close | duration: 327m
[2026-04-05T05:27:05.594Z] [INFO] [session-log] OP-04 PASS: session_005 confirmed in session_index with closedAt
[2026-04-05T12:27:02.660Z] [INFO] [checklist] reports: 2 report file(s) in reports/2026-04-05_legend-team-upgrade-review
[2026-04-05T12:27:02.661Z] [INFO] [checklist] decision_ledger: 4 decision(s) recorded for session_007
[2026-04-05T12:27:02.662Z] [INFO] [checklist] topic_index: topic found: topic_005 (in-progress)
[2026-04-05T12:27:02.663Z] [INFO] [checklist] current_session: will be set to closed
[2026-04-05T12:27:02.663Z] [INFO] [checklist] master_feedback: no feedback entries — OK if none given
[2026-04-05T12:27:02.665Z] [INFO] [session-log] END session_007 | topic: legend-team-upgrade-review | duration: 27m
[2026-04-05T12:27:02.666Z] [WARN] [session-log] OP-04 FAIL: session_007 not found or missing closedAt in session_index
[2026-04-05T12:29:28.270Z] [INFO] [checklist] reports: 2 report file(s) in reports/2026-04-05_legend-team-upgrade-review
[2026-04-05T12:29:28.272Z] [INFO] [checklist] decision_ledger: 4 decision(s) recorded for session_007
[2026-04-05T12:29:28.274Z] [INFO] [checklist] topic_index: topic found: topic_005 (completed)
[2026-04-05T12:29:28.277Z] [INFO] [checklist] current_session: will be set to closed
[2026-04-05T12:29:28.279Z] [INFO] [checklist] master_feedback: no feedback entries — OK if none given
[2026-04-05T12:29:28.285Z] [INFO] [session-log] END session_007 | topic: legend-team-upgrade-review | duration: 29m
[2026-04-05T12:29:28.287Z] [INFO] [session-log] OP-04 PASS: session_007 confirmed in session_index with closedAt
[2026-04-06T00:07:14.485Z] [INFO] [checklist] reports: 2 report file(s) in reports/2026-04-06_dailyjob-db-mapping
[2026-04-06T00:07:14.486Z] [INFO] [checklist] decision_ledger: no decisions this session — skip
[2026-04-06T00:07:14.486Z] [INFO] [checklist] topic_index: topic found: topic_006 (suspended)
[2026-04-06T00:07:14.487Z] [INFO] [checklist] current_session: will be set to closed
[2026-04-06T00:07:14.487Z] [INFO] [checklist] master_feedback: 1 feedback entry(ies) recorded
[2026-04-06T00:07:14.489Z] [INFO] [session-log] END session_008 | topic: dailyjob-db-mapping | duration: -533m
[2026-04-06T00:07:14.489Z] [INFO] [session-log] OP-04 PASS: session_008 confirmed in session_index with closedAt
[2026-04-08T00:05:52.767Z] [INFO] [checklist] reports: 5 report file(s) in reports/2026-04-08_storage-quality-review
[2026-04-08T00:05:52.768Z] [INFO] [checklist] decision_ledger: no decisions this session — skip
[2026-04-08T00:05:52.768Z] [INFO] [checklist] topic_index: topic found: topic_007 (completed)
[2026-04-08T00:05:52.769Z] [INFO] [checklist] current_session: will be set to closed
[2026-04-08T00:05:52.771Z] [INFO] [checklist] master_feedback: no feedback entries — OK if none given
[2026-04-08T00:05:52.774Z] [INFO] [session-log] END session_009 | topic: storage-quality-review | duration: -534m
[2026-04-08T00:05:52.776Z] [INFO] [session-log] OP-04 PASS: session_009 confirmed in session_index with closedAt
