{"ts":"2026-04-29T23:41:56.136Z","phase":"classified","sessionId":"session_144","grade":"A","topicType":"framing","echoTriggerDetected":true,"intentReconfirmRequested":false,"matchedKeywords":["좋아","그대로","박제해"],"elapsedMs":10}
{"ts":"2026-04-29T23:42:07.500Z","phase":"audit-emit","toolName":"Task","echoTriggerDetected":true,"intentReconfirmRequested":false,"matchedKeywords":["좋아","그대로","박제해"]}
{"ts":"2026-04-29T23:42:16.473Z","phase":"no-op","reason":"grade-or-type-mismatch","grade":"C","topicType":"framing"}
{"ts":"2026-04-29T23:43:47.689Z","phase":"audit-emit","toolName":"Agent","echoTriggerDetected":true,"intentReconfirmRequested":false,"matchedKeywords":["좋아","그대로","박제해"]}
{"ts":"2026-04-29T23:50:25.163Z","phase":"classified","sessionId":"d6430337-c086-4d35-809a-ec4693b17200","grade":"A","topicType":"framing","echoTriggerDetected":true,"intentReconfirmRequested":false,"matchedKeywords":["OK","ok"],"elapsedMs":19}
{"ts":"2026-04-29T23:53:54.801Z","phase":"classified","sessionId":"d6430337-c086-4d35-809a-ec4693b17200","grade":"A","topicType":"framing","echoTriggerDetected":false,"intentReconfirmRequested":false,"matchedKeywords":[],"elapsedMs":10}
{"ts":"2026-04-30T00:29:56.985Z","phase":"classified","sessionId":"d6430337-c086-4d35-809a-ec4693b17200","grade":"A","topicType":"framing","echoTriggerDetected":false,"intentReconfirmRequested":true,"matchedKeywords":["다음"],"elapsedMs":10}
{"ts":"2026-04-30T00:34:52.879Z","phase":"classified","sessionId":"32edde27-8b55-439c-9caa-d601d20a036e","grade":"A","topicType":"framing","echoTriggerDetected":false,"intentReconfirmRequested":false,"matchedKeywords":[],"elapsedMs":10}
{"ts":"2026-04-30T00:47:35.394Z","phase":"classified","sessionId":"32edde27-8b55-439c-9caa-d601d20a036e","grade":"S","topicType":"framing","echoTriggerDetected":false,"intentReconfirmRequested":false,"matchedKeywords":[],"elapsedMs":11}
{"ts":"2026-04-30T00:50:39.376Z","phase":"classified","sessionId":"32edde27-8b55-439c-9caa-d601d20a036e","grade":"S","topicType":"framing","echoTriggerDetected":false,"intentReconfirmRequested":false,"matchedKeywords":[],"elapsedMs":11}
{"ts":"2026-04-30T00:55:30.645Z","phase":"classified","sessionId":"32edde27-8b55-439c-9caa-d601d20a036e","grade":"S","topicType":"framing","echoTriggerDetected":false,"intentReconfirmRequested":false,"matchedKeywords":[],"elapsedMs":9}
{"ts":"2026-04-30T00:58:16.029Z","phase":"classified","sessionId":"32edde27-8b55-439c-9caa-d601d20a036e","grade":"S","topicType":"framing","echoTriggerDetected":false,"intentReconfirmRequested":false,"matchedKeywords":[],"elapsedMs":10}
{"ts":"2026-04-30T01:18:16.064Z","phase":"classified","sessionId":"32edde27-8b55-439c-9caa-d601d20a036e","grade":"S","topicType":"framing","echoTriggerDetected":false,"intentReconfirmRequested":false,"matchedKeywords":[],"elapsedMs":13}
{"ts":"2026-04-30T01:34:43.610Z","phase":"classified","sessionId":"32edde27-8b55-439c-9caa-d601d20a036e","grade":"S","topicType":"framing","echoTriggerDetected":false,"intentReconfirmRequested":false,"matchedKeywords":[],"elapsedMs":15}
{"ts":"2026-04-30T01:42:51.686Z","phase":"classified","sessionId":"32edde27-8b55-439c-9caa-d601d20a036e","grade":"S","topicType":"framing","echoTriggerDetected":true,"intentReconfirmRequested":false,"matchedKeywords":["OK","ok"],"elapsedMs":9}
{"ts":"2026-04-30T01:51:48.634Z","phase":"classified","sessionId":"32edde27-8b55-439c-9caa-d601d20a036e","grade":"S","topicType":"framing","echoTriggerDetected":false,"intentReconfirmRequested":false,"matchedKeywords":[],"elapsedMs":10}
{"ts":"2026-04-30T01:55:45.331Z","phase":"classified","sessionId":"32edde27-8b55-439c-9caa-d601d20a036e","grade":"S","topicType":"framing","echoTriggerDetected":false,"intentReconfirmRequested":false,"matchedKeywords":[],"elapsedMs":11}
{"ts":"2026-04-30T01:59:45.590Z","phase":"classified","sessionId":"32edde27-8b55-439c-9caa-d601d20a036e","grade":"S","topicType":"framing","echoTriggerDetected":false,"intentReconfirmRequested":true,"matchedKeywords":["진행해"],"elapsedMs":9}
{"ts":"2026-04-30T02:13:55.609Z","phase":"classified","sessionId":"32edde27-8b55-439c-9caa-d601d20a036e","grade":"S","topicType":"framing","echoTriggerDetected":false,"intentReconfirmRequested":false,"matchedKeywords":[],"elapsedMs":9}
{"ts":"2026-04-30T02:37:47.088Z","phase":"classified","sessionId":"32edde27-8b55-439c-9caa-d601d20a036e","grade":"S","topicType":"framing","echoTriggerDetected":false,"intentReconfirmRequested":false,"matchedKeywords":[],"elapsedMs":10}
{"ts":"2026-04-30T02:41:02.836Z","phase":"classified","sessionId":"32edde27-8b55-439c-9caa-d601d20a036e","grade":"S","topicType":"framing","echoTriggerDetected":false,"intentReconfirmRequested":false,"matchedKeywords":[],"elapsedMs":7}
{"ts":"2026-04-30T02:41:29.751Z","phase":"no-audit","toolName":"Agent"}
{"ts":"2026-04-30T04:28:31.364Z","phase":"classified","sessionId":"32edde27-8b55-439c-9caa-d601d20a036e","grade":"S","topicType":"framing","echoTriggerDetected":false,"intentReconfirmRequested":true,"matchedKeywords":["다음"],"elapsedMs":9}
{"ts":"2026-04-30T04:35:04.526Z","phase":"classified","sessionId":"32edde27-8b55-439c-9caa-d601d20a036e","grade":"S","topicType":"framing","echoTriggerDetected":false,"intentReconfirmRequested":false,"matchedKeywords":[],"elapsedMs":16}
{"ts":"2026-04-30T04:38:39.027Z","phase":"classified","sessionId":"32edde27-8b55-439c-9caa-d601d20a036e","grade":"S","topicType":"framing","echoTriggerDetected":false,"intentReconfirmRequested":false,"matchedKeywords":[],"elapsedMs":11}
