{"ts":"2026-04-28T03:40:42.015Z","phase":"mutate","toolName":"Task","role":"dev","topicId":"topic_121","sessionId":"session_123","originalPromptLen":11,"injectionLen":564,"mutatedPromptLen":575}
{"ts":"2026-04-28T03:40:48.065Z","phase":"skip-already-injected","toolName":"Task"}
{"ts":"2026-04-28T03:44:32.718Z","phase":"mutate","toolName":"Task","role":"edi","topicId":"topic_121","sessionId":"session_123","originalPromptLen":30,"injectionLen":633,"mutatedPromptLen":663}
{"ts":"2026-04-28T03:48:41.617Z","phase":"mutate","toolName":"Agent","role":"edi","topicId":"topic_121","sessionId":"session_123","originalPromptLen":4569,"injectionLen":634,"mutatedPromptLen":5203}
{"ts":"2026-04-28T04:29:48.585Z","phase":"mutate-v2","toolName":"Task","role":"arki","topicId":"topic_121","sessionId":"session_123","originalPromptLen":18,"injectionLen":74538,"mutatedPromptLen":74556}
{"ts":"2026-04-28T04:29:54.294Z","phase":"mutate-v2","toolName":"Task","role":"arki","topicId":"topic_121","sessionId":"session_123","originalPromptLen":18,"injectionLen":74538,"mutatedPromptLen":74556}
{"ts":"2026-04-28T04:30:07.901Z","phase":"mutate-v2","toolName":"Task","role":"arki","topicId":"topic_121","sessionId":"session_123","originalPromptLen":18,"injectionLen":74538,"mutatedPromptLen":74556}
{"ts":"2026-04-28T05:46:16.090Z","phase":"mutate-v2","toolName":"Agent","role":"ace","topicId":"topic_125","sessionId":"session_127","originalPromptLen":1693,"injectionLen":226,"mutatedPromptLen":1919}
{"ts":"2026-04-28T05:47:42.829Z","phase":"mutate-v2","toolName":"Agent","role":"arki","topicId":"topic_125","sessionId":"session_127","originalPromptLen":1527,"injectionLen":326,"mutatedPromptLen":1853}
{"ts":"2026-04-28T05:49:30.757Z","phase":"mutate-v2","toolName":"Agent","role":"fin","topicId":"topic_125","sessionId":"session_127","originalPromptLen":1266,"injectionLen":325,"mutatedPromptLen":1591}
{"ts":"2026-04-28T05:50:52.023Z","phase":"mutate-v2","toolName":"Agent","role":"riki","topicId":"topic_125","sessionId":"session_127","originalPromptLen":1286,"injectionLen":326,"mutatedPromptLen":1612}
{"ts":"2026-04-28T05:51:55.737Z","phase":"mutate-v2","toolName":"Agent","role":"ace","topicId":"topic_125","sessionId":"session_127","originalPromptLen":1637,"injectionLen":325,"mutatedPromptLen":1962}
{"ts":"2026-04-28T06:29:36.609Z","phase":"mutate-v2","toolName":"Agent","role":"edi","topicId":"topic_125","sessionId":"session_127","originalPromptLen":2637,"injectionLen":325,"mutatedPromptLen":2962}
{"ts":"2026-04-28T06:32:34.634Z","phase":"mutate-v2","toolName":"Agent","role":"dev","topicId":"topic_125","sessionId":"session_127","originalPromptLen":1280,"injectionLen":325,"mutatedPromptLen":1605}
{"ts":"2026-04-28T06:46:05.531Z","phase":"mutate-v2","toolName":"Agent","role":"arki","topicId":"topic_126","sessionId":"session_128","originalPromptLen":2311,"injectionLen":326,"mutatedPromptLen":2637}
{"ts":"2026-04-28T07:01:43.019Z","phase":"mutate-v2","toolName":"Agent","role":"riki","topicId":"topic_126","sessionId":"session_128","originalPromptLen":1859,"injectionLen":326,"mutatedPromptLen":2185}
{"ts":"2026-04-28T07:37:31.567Z","phase":"mutate-v2","toolName":"Agent","role":"ace","topicId":"topic_127","sessionId":"session_129","originalPromptLen":2637,"injectionLen":226,"mutatedPromptLen":2863}
{"ts":"2026-04-28T07:46:00.977Z","phase":"mutate-v2","toolName":"Agent","role":"arki","topicId":"topic_127","sessionId":"session_129","originalPromptLen":4539,"injectionLen":4217,"mutatedPromptLen":8756}
{"ts":"2026-04-28T07:49:50.515Z","phase":"mutate-v2","toolName":"Agent","role":"riki","topicId":"topic_127","sessionId":"session_129","originalPromptLen":3351,"injectionLen":10394,"mutatedPromptLen":13745}
{"ts":"2026-04-28T07:53:59.415Z","phase":"mutate-v2","toolName":"Agent","role":"ace","topicId":"topic_127","sessionId":"session_129","originalPromptLen":3202,"injectionLen":16570,"mutatedPromptLen":19772}
{"ts":"2026-04-28T07:57:14.390Z","phase":"skip-already-injected","toolName":"Agent"}
{"ts":"2026-04-28T08:00:49.766Z","phase":"mutate-v2","toolName":"Task","role":"dev","topicId":"topic_127","sessionId":"session_129","originalPromptLen":47,"injectionLen":23473,"mutatedPromptLen":23520}
{"ts":"2026-04-28T08:04:06.837Z","phase":"mutate-v2","toolName":"Agent","role":"edi","topicId":"topic_127","sessionId":"session_129","originalPromptLen":4173,"injectionLen":29647,"mutatedPromptLen":33820}
{"ts":"2026-04-28T10:42:29.431Z","phase":"mutate-v2","toolName":"Agent","role":"ace","topicId":"topic_127","sessionId":"session_130","originalPromptLen":4625,"injectionLen":8355,"mutatedPromptLen":12980}
{"ts":"2026-04-28T10:48:40.193Z","phase":"mutate-v2","toolName":"Agent","role":"arki","topicId":"topic_127","sessionId":"session_130","originalPromptLen":3472,"injectionLen":13852,"mutatedPromptLen":17324}
{"ts":"2026-04-28T10:53:03.634Z","phase":"mutate-v2","toolName":"Agent","role":"riki","topicId":"topic_127","sessionId":"session_130","originalPromptLen":3355,"injectionLen":20029,"mutatedPromptLen":23384}
{"ts":"2026-04-28T10:56:18.439Z","phase":"mutate-v2","toolName":"Agent","role":"ace","topicId":"topic_127","sessionId":"session_130","originalPromptLen":3213,"injectionLen":26205,"mutatedPromptLen":29418}
{"ts":"2026-04-28T11:12:09.610Z","phase":"mutate-v2","toolName":"Agent","role":"dev","topicId":"topic_127","sessionId":"session_130","originalPromptLen":5186,"injectionLen":33156,"mutatedPromptLen":38342}
{"ts":"2026-04-28T11:18:45.576Z","phase":"mutate-v3-persona","toolName":"Agent","role":"edi","topicId":"topic_127","sessionId":"session_130","gateTriggered":false,"personaMarkers":[],"originalPromptLen":2352,"injectionLen":46176,"mutatedPromptLen":48528}
{"ts":"2026-04-28T12:47:24.128Z","phase":"mutate-v3-persona","toolName":"Agent","role":"ace","topicId":"topic_128","sessionId":"session_134","gateTriggered":false,"personaMarkers":[],"originalPromptLen":1969,"injectionLen":5136,"mutatedPromptLen":7105}
{"ts":"2026-04-28T12:48:40.007Z","phase":"mutate-v3-persona","toolName":"Agent","role":"arki","topicId":"topic_128","sessionId":"session_134","gateTriggered":false,"personaMarkers":[],"originalPromptLen":1957,"injectionLen":4448,"mutatedPromptLen":6405}
{"ts":"2026-04-28T12:51:33.633Z","phase":"mutate-v3-persona","toolName":"Agent","role":"riki","topicId":"topic_128","sessionId":"session_134","gateTriggered":false,"personaMarkers":[],"originalPromptLen":1266,"injectionLen":10452,"mutatedPromptLen":11718}
{"ts":"2026-04-28T12:53:13.484Z","phase":"mutate-v3-persona","toolName":"Agent","role":"ace","topicId":"topic_128","sessionId":"session_134","gateTriggered":false,"personaMarkers":[],"originalPromptLen":1259,"injectionLen":14352,"mutatedPromptLen":15611}
{"ts":"2026-04-28T12:56:40.976Z","phase":"mutate-v3-persona","toolName":"Agent","role":"edi","topicId":"topic_128","sessionId":"session_134","gateTriggered":false,"personaMarkers":[],"originalPromptLen":1555,"injectionLen":20640,"mutatedPromptLen":22195}
