{"ts":"2026-04-29T14:14:18.173Z","phase":"sage-gate-pass","role":"sage","turnRolesCount":0}
{"ts":"2026-04-29T14:14:18.299Z","phase":"sage-gate-reject","role":"sage","turnRoles":["arki","fin"],"reason":"Sage same-session isolation violation: existing roles=[arki,fin]. Open separate session via /sage. (D-128, dispatch_config.sage.session_isolation=exclusive)"}
{"ts":"2026-04-29T14:14:18.425Z","phase":"sage-gate-reject","role":"arki","lastTurnRole":"sage","reason":"Cannot dispatch role='arki' after Sage turn. Sage requires session isolation. (D-128)"}
{"ts":"2026-04-29T14:14:18.549Z","phase":"sage-gate-pass","role":"sage","turnRolesCount":1}
{"ts":"2026-04-29T14:17:00.096Z","phase":"sage-gate-pass","role":"edi","turnRolesCount":6}
{"ts":"2026-04-29T22:56:02.110Z","phase":"sage-gate-pass","role":"ace","turnRolesCount":0}
{"ts":"2026-04-29T23:26:54.101Z","phase":"sage-gate-pass","role":"fin","turnRolesCount":0}
{"ts":"2026-04-29T23:31:00.496Z","phase":"sage-gate-pass","role":"arki","turnRolesCount":1}
{"ts":"2026-04-29T23:32:56.752Z","phase":"sage-gate-pass","role":"riki","turnRolesCount":2}
{"ts":"2026-04-29T23:39:29.315Z","phase":"sage-gate-pass","role":"dev","turnRolesCount":3}
{"ts":"2026-04-29T23:43:47.683Z","phase":"sage-gate-pass","role":"edi","turnRolesCount":4}
{"ts":"2026-04-30T02:41:29.733Z","phase":"sage-gate-pass","role":"riki","turnRolesCount":0}
{"ts":"2026-04-30T05:14:52.391Z","phase":"sage-gate-pass","role":"riki","turnRolesCount":0}
{"ts":"2026-04-30T06:11:19.678Z","phase":"sage-gate-pass","role":"edi","turnRolesCount":0}
{"ts":"2026-04-30T07:49:35.537Z","phase":"sage-gate-pass","role":"edi","turnRolesCount":0}
{"ts":"2026-04-30T10:25:29.673Z","phase":"sage-gate-pass","role":"ace","turnRolesCount":0}
{"ts":"2026-04-30T10:46:58.094Z","phase":"sage-gate-pass","role":"ace","turnRolesCount":1}
{"ts":"2026-04-30T11:21:25.507Z","phase":"sage-gate-pass","role":"edi","turnRolesCount":2}
{"ts":"2026-04-30T12:47:27.095Z","phase":"sage-gate-pass","role":"riki","turnRolesCount":0}
{"ts":"2026-04-30T13:04:49.059Z","phase":"sage-gate-pass","role":"riki","turnRolesCount":1}
{"ts":"2026-04-30T13:16:48.040Z","phase":"sage-gate-pass","role":"unknown","turnRolesCount":2}
{"ts":"2026-04-30T13:42:57.448Z","phase":"sage-gate-pass","role":"riki","turnRolesCount":2}
{"ts":"2026-04-30T14:04:36.180Z","phase":"sage-gate-pass","role":"edi","turnRolesCount":3}
{"ts":"2026-04-30T15:16:59.278Z","phase":"sage-gate-pass","role":"arki","turnRolesCount":0}
{"ts":"2026-04-30T15:20:10.219Z","phase":"sage-gate-pass","role":"riki","turnRolesCount":1}
{"ts":"2026-04-30T15:24:09.656Z","phase":"sage-gate-pass","role":"unknown","turnRolesCount":2}
{"ts":"2026-04-30T15:30:08.869Z","phase":"sage-gate-pass","role":"dev","turnRolesCount":3}
{"ts":"2026-04-30T15:33:30.779Z","phase":"sage-gate-pass","role":"edi","turnRolesCount":4}
